wandb: Using wandb-core as the SDK backend.  Please refer to https://wandb.me/wandb-core for more information.
wandb: Currently logged in as: ql2221 (qiliu2221) to https://api.wandb.ai. Use `wandb login --relogin` to force relogin
wandb: Tracking run with wandb version 0.19.7
wandb: Run data is saved locally in /scratch/ql2221/thermalizer_data/wandb_data/wandb/run-20250527_171116-r12kgbg1
wandb: Run `wandb offline` to turn off syncing.
wandb: Resuming run dulcet-grass-56
wandb: ‚≠źÔłŹ View project at https://wandb.ai/qiliu2221/thermalizer
wandb: ūüöÄ View run at https://wandb.ai/qiliu2221/thermalizer/runs/r12kgbg1
Prep data
Prep model
Prep optimizer
Saving new checkpoint with improved validation loss at /scratch/ql2221/thermalizer_data/wandb_data/wandb/run-20250526_223850-r12kgbg1/files/checkpoint_best.p
Saving new checkpoint with improved validation loss at /scratch/ql2221/thermalizer_data/wandb_data/wandb/run-20250526_223850-r12kgbg1/files/checkpoint_best.p
Saving new checkpoint with improved validation loss at /scratch/ql2221/thermalizer_data/wandb_data/wandb/run-20250526_223850-r12kgbg1/files/checkpoint_best.p
Saving new checkpoint with improved validation loss at /scratch/ql2221/thermalizer_data/wandb_data/wandb/run-20250526_223850-r12kgbg1/files/checkpoint_best.p
Saving new checkpoint with improved validation loss at /scratch/ql2221/thermalizer_data/wandb_data/wandb/run-20250526_223850-r12kgbg1/files/checkpoint_best.p
Saving new checkpoint with improved validation loss at /scratch/ql2221/thermalizer_data/wandb_data/wandb/run-20250526_223850-r12kgbg1/files/checkpoint_best.p
Saving new checkpoint with improved validation loss at /scratch/ql2221/thermalizer_data/wandb_data/wandb/run-20250526_223850-r12kgbg1/files/checkpoint_best.p
Saving new checkpoint with improved validation loss at /scratch/ql2221/thermalizer_data/wandb_data/wandb/run-20250526_223850-r12kgbg1/files/checkpoint_best.p
wandb:                                                                                
wandb: 
wandb: Run history:
wandb:               lr ‚Ėą‚Ėą‚Ėą‚Ėą‚Ėą‚Ėą‚Ėą‚Ėą‚Ėą‚Ėą‚Ėą‚Ėą‚Ėą‚Ėą‚Ėą‚Ėą‚Ėą‚Ėą‚Ėą‚Ėą‚Ėą‚Ėą‚Ėą‚Ėą‚Ėą‚Ėą‚Ėą‚Ėą‚Ėą‚Ėą‚ĖĀ‚ĖĀ‚ĖĀ‚ĖĀ‚ĖĀ‚ĖĀ‚ĖĀ‚ĖĀ‚ĖĀ‚ĖĀ
wandb:        n_rollout ‚ĖĀ‚ĖĀ‚ĖĀ‚ĖĀ‚ĖĀ‚ĖĀ‚ĖĀ‚ĖĀ‚ĖĀ‚ĖĀ‚ĖĀ‚ĖĀ‚ĖĀ‚ĖĀ‚ĖĀ‚ĖĀ‚ĖĀ‚ĖĀ‚ĖĀ‚ĖĀ‚ĖĀ‚ĖĀ‚ĖĀ‚ĖĀ‚ĖĀ‚ĖĀ‚ĖĀ‚ĖĀ‚ĖĀ‚ĖĀ‚ĖĀ‚ĖĀ‚ĖĀ‚ĖĀ‚ĖĀ‚ĖĀ‚ĖĀ‚ĖĀ‚ĖĀ‚ĖĀ
wandb: train_loss_resid ‚Ėá‚ĖÜ‚ĖĄ‚ĖÜ‚ĖÖ‚Ėá‚ĖĄ‚ĖĄ‚ĖĄ‚ĖÜ‚Ėą‚ĖÖ‚ĖÖ‚ĖÜ‚ĖÜ‚Ėą‚ĖÖ‚ĖÜ‚ĖÜ‚Ėā‚ĖÉ‚Ėá‚ĖĄ‚ĖĄ‚ĖÖ‚ĖĄ‚ĖÜ‚ĖÉ‚Ėā‚ĖÉ‚ĖÉ‚ĖÖ‚ĖÉ‚ĖĄ‚ĖÖ‚ĖĀ‚Ėā‚Ėā‚ĖĄ‚ĖÜ
wandb: train_loss_state ‚Ėą‚Ėą‚Ėá‚Ėá‚ĖÜ‚ĖÜ‚ĖÜ‚ĖÜ‚ĖÖ‚ĖÖ‚ĖĄ‚ĖÖ‚ĖĄ‚ĖĄ‚ĖÉ‚ĖÉ‚ĖĄ‚ĖÉ‚Ėā‚ĖÉ‚Ėā‚Ėā‚ĖÉ‚Ėā‚Ėā‚Ėā‚ĖÉ‚Ėā‚ĖĀ‚Ėā‚Ėā‚ĖĀ‚Ėā‚ĖĀ‚Ėā‚Ėā‚Ėā‚ĖĀ‚ĖĀ‚Ėā
wandb:    training_step ‚ĖĀ‚ĖĀ‚ĖĀ‚Ėā‚Ėā‚Ėā‚Ėā‚Ėā‚Ėā‚Ėā‚Ėā‚ĖÉ‚ĖÉ‚ĖÉ‚ĖÉ‚ĖÉ‚ĖÉ‚ĖÉ‚ĖÉ‚ĖÉ‚ĖĄ‚ĖĄ‚ĖĄ‚ĖĄ‚ĖÖ‚ĖÖ‚ĖÜ‚ĖÜ‚ĖÜ‚ĖÜ‚Ėá‚Ėá‚Ėá‚Ėá‚Ėá‚Ėá‚Ėá‚Ėá‚Ėą‚Ėą
wandb: valid_loss_resid ‚Ėą‚ĖÖ‚ĖÉ‚ĖÉ‚Ėā‚Ėā‚ĖĀ‚ĖĀ‚ĖĀ
wandb: valid_loss_state ‚Ėą‚ĖÖ‚ĖĄ‚ĖÉ‚Ėā‚Ėā‚ĖĀ‚ĖĀ‚ĖĀ
wandb: 
wandb: Run summary:
wandb:               lr 3e-05
wandb:        n_rollout 4
wandb: train_loss_resid 1e-05
wandb: train_loss_state 3e-05
wandb:    training_step 192972
wandb: valid_loss_resid 1e-05
wandb: valid_loss_state 3e-05
wandb: 
wandb: ūüöÄ View run dulcet-grass-56 at: https://wandb.ai/qiliu2221/thermalizer/runs/r12kgbg1
wandb: ‚≠źÔłŹ View project at: https://wandb.ai/qiliu2221/thermalizer
wandb: Synced 5 W&B file(s), 3 media file(s), 0 artifact file(s) and 0 other file(s)
wandb: Find logs at: /scratch/ql2221/thermalizer_data/wandb_data/wandb/run-20250527_171116-r12kgbg1/logs
DONE on rank cuda
