wandb: Using wandb-core as the SDK backend.  Please refer to https://wandb.me/wandb-core for more information.
wandb: Currently logged in as: ql2221 (qiliu2221) to https://api.wandb.ai. Use `wandb login --relogin` to force relogin
wandb: Tracking run with wandb version 0.19.7
wandb: Run data is saved locally in /scratch/ql2221/thermalizer_data/wandb_data/wandb/run-20250528_164436-r12kgbg1
wandb: Run `wandb offline` to turn off syncing.
wandb: Resuming run dulcet-grass-56
wandb: ‚≠źÔłŹ View project at https://wandb.ai/qiliu2221/thermalizer
wandb: ūüöÄ View run at https://wandb.ai/qiliu2221/thermalizer/runs/r12kgbg1
Prep data
Prep model
Prep optimizer
Saving new checkpoint with improved validation loss at /scratch/ql2221/thermalizer_data/wandb_data/wandb/run-20250526_223850-r12kgbg1/files/checkpoint_best.p
Saving new checkpoint with improved validation loss at /scratch/ql2221/thermalizer_data/wandb_data/wandb/run-20250526_223850-r12kgbg1/files/checkpoint_best.p
Saving new checkpoint with improved validation loss at /scratch/ql2221/thermalizer_data/wandb_data/wandb/run-20250526_223850-r12kgbg1/files/checkpoint_best.p
Saving new checkpoint with improved validation loss at /scratch/ql2221/thermalizer_data/wandb_data/wandb/run-20250526_223850-r12kgbg1/files/checkpoint_best.p
wandb:                                                                                
wandb: 
wandb: Run history:
wandb:               lr ‚Ėą‚Ėą‚Ėą‚Ėą‚Ėą‚Ėą‚Ėą‚Ėą‚Ėą‚Ėą‚Ėą‚Ėą‚Ėą‚Ėą‚Ėą‚Ėą‚Ėą‚Ėą‚Ėą‚Ėą‚Ėą‚Ėą‚Ėą‚Ėą‚Ėą‚Ėą‚Ėą‚Ėą‚Ėą‚Ėą‚ĖĀ‚ĖĀ‚ĖĀ‚ĖĀ‚ĖĀ‚ĖĀ‚ĖĀ‚ĖĀ‚ĖĀ‚ĖĀ
wandb:        n_rollout ‚ĖĀ‚ĖĀ‚ĖĀ‚ĖĀ‚ĖĀ‚ĖĀ‚ĖĀ‚ĖĀ‚ĖĀ‚ĖĀ‚ĖĀ‚ĖĀ‚ĖĀ‚ĖĀ‚ĖĀ‚ĖĀ‚ĖĀ‚ĖĀ‚ĖĀ‚ĖĀ‚ĖĀ‚ĖĀ‚ĖĀ‚ĖĀ‚ĖĀ‚ĖĀ‚ĖĀ‚ĖĀ‚ĖĀ‚ĖĀ‚ĖĀ‚ĖĀ‚ĖĀ‚ĖĀ‚ĖĀ‚ĖĀ‚ĖĀ‚ĖĀ‚ĖĀ‚ĖĀ
wandb: train_loss_resid ‚ĖĀ‚ĖÜ‚Ėā‚ĖÉ‚ĖÜ‚Ėā‚ĖÉ‚ĖÉ‚ĖÉ‚Ėą‚ĖÉ‚Ėā‚ĖĀ‚ĖÉ‚ĖĄ‚ĖÖ‚Ėā‚ĖÉ‚ĖÉ‚ĖĄ‚Ėā‚Ėā‚ĖĄ‚ĖĄ‚ĖÖ‚ĖÉ‚ĖÉ‚ĖÉ‚Ėá‚ĖÉ‚Ėā‚ĖÖ‚ĖÖ‚ĖÉ‚ĖÜ‚ĖÉ‚Ėā‚ĖÉ‚ĖĄ‚ĖÉ
wandb: train_loss_state ‚ĖÖ‚Ėá‚ĖÜ‚Ėá‚ĖÉ‚ĖÜ‚ĖÜ‚ĖĄ‚Ėą‚ĖÉ‚ĖĄ‚ĖÖ‚ĖĄ‚ĖÜ‚ĖÖ‚Ėá‚ĖÖ‚ĖÜ‚ĖÖ‚Ėā‚ĖÜ‚ĖÖ‚ĖÖ‚ĖĄ‚ĖĄ‚ĖÉ‚Ėā‚ĖÖ‚ĖÖ‚ĖÖ‚ĖÉ‚ĖĀ‚ĖĄ‚ĖĄ‚ĖÖ‚ĖĄ‚ĖÖ‚ĖÜ‚ĖÉ‚ĖĄ
wandb:    training_step ‚ĖĀ‚ĖĀ‚ĖĀ‚ĖĀ‚Ėā‚Ėā‚Ėā‚Ėā‚Ėā‚Ėā‚Ėā‚ĖÉ‚ĖÉ‚ĖÉ‚ĖÉ‚ĖÉ‚ĖÉ‚ĖÉ‚ĖĄ‚ĖĄ‚ĖÖ‚ĖÖ‚ĖÖ‚ĖÜ‚ĖÜ‚ĖÜ‚ĖÜ‚ĖÜ‚ĖÜ‚Ėá‚Ėá‚Ėá‚Ėá‚Ėá‚Ėá‚Ėą‚Ėą‚Ėą‚Ėą‚Ėą
wandb: valid_loss_resid ‚ĖÜ‚ĖÜ‚Ėą‚ĖĄ‚ĖÉ‚ĖĄ‚ĖĀ‚ĖĀ‚ĖĀ
wandb: valid_loss_state ‚ĖÖ‚ĖÜ‚Ėą‚ĖĄ‚ĖÉ‚ĖĄ‚Ėā‚Ėā‚ĖĀ
wandb: 
wandb: Run summary:
wandb:               lr 1e-05
wandb:        n_rollout 4
wandb: train_loss_resid 0.0
wandb: train_loss_state 2e-05
wandb:    training_step 326568
wandb: valid_loss_resid 1e-05
wandb: valid_loss_state 2e-05
wandb: 
wandb: ūüöÄ View run dulcet-grass-56 at: https://wandb.ai/qiliu2221/thermalizer/runs/r12kgbg1
wandb: ‚≠źÔłŹ View project at: https://wandb.ai/qiliu2221/thermalizer
wandb: Synced 5 W&B file(s), 3 media file(s), 0 artifact file(s) and 0 other file(s)
wandb: Find logs at: /scratch/ql2221/thermalizer_data/wandb_data/wandb/run-20250528_164436-r12kgbg1/logs
Saving new checkpoint with improved validation loss at /scratch/ql2221/thermalizer_data/wandb_data/wandb/run-20250526_223850-r12kgbg1/files/checkpoint_best.p
DONE on rank cuda
